<?xml version="1.0" encoding="UTF-8"?>
<testng-results ignored="0" total="1" passed="1" failed="0" skipped="0">
  <reporter-output>
  </reporter-output>
  <suite started-at="2022-02-17T15:29:37Z" name="mypackage.FirstTest" finished-at="2022-02-17T15:29:37Z" duration-ms="23">
    <groups>
    </groups>
    <test started-at="2022-02-17T15:29:37Z" name="Command line test" finished-at="2022-02-17T15:29:37Z" duration-ms="23">
      <class name="mypackage.FirstTest">
        <test-method signature="method()[pri:0, instance:mypackage.FirstTest@7a1ebcd8]" started-at="2022-02-17T15:29:37Z" name="method" finished-at="2022-02-17T15:29:37Z" duration-ms="7" status="PASS">
          <reporter-output>
          </reporter-output>
        </test-method> <!-- method -->
      </class> <!-- mypackage.FirstTest -->
    </test> <!-- Command line test -->
  </suite> <!-- mypackage.FirstTest -->
</testng-results>
